
==================================================
STAGE 1: Audio Generation with Compression
==================================================
Loaded shot list with 84 shots from 5 scenes

Processing Shot 1...
  Generating dialogue for MILO...
    Generating audio (attempt 1)...
    ✓ Generated (5.8s)
  Generating SFX 1: rubber ball rhythmically hitting wood...
    Generating SFX 1: rubber ball rhythmically hitting wood...
    ✓ SFX generated (10.0s)

Processing Shot 2...
  Generating dialogue for SEBBY...
    Generating audio (attempt 1)...
    ✓ Generated (2.2s)
  Generating SFX 1: rubber ball rhythmically hitting wood...
    Generating SFX 1: rubber ball rhythmically hitting wood...
    ✓ SFX generated (10.0s)

Processing Shot 3...
  Generating dialogue for MILO...
    Generating audio (attempt 1)...
    ✓ Generated (8.1s)

Processing Shot 4...
  Generating dialogue for MILO...
    Generating audio (attempt 1)...
    ✓ Generated (4.2s)
  Generating SFX 1: fabric whooshing off metal...
    Generating SFX 1: fabric whooshing off metal...
    ✓ SFX generated (10.0s)

Processing Shot 5...
  Generating dialogue for COMPUTER...
    Generating audio (attempt 1)...
    Dialogue too long (10.2s), compressing...
    Generating audio (attempt 2)...
    ✓ Compressed to 7.4s after 1 iteration(s)

Processing Shot 6...
  Generating dialogue for SEBBY...
    Generating audio (attempt 1)...
    ✓ Generated (2.7s)

Processing Shot 7...
  Generating dialogue for MILO...
    Generating audio (attempt 1)...
    ✓ Generated (5.0s)

Processing Shot 8...
  Generating dialogue for SEBBY...
    Generating audio (attempt 1)...
    ✓ Generated (3.4s)
  Generating SFX 1: mechanical whirring and pencil scratching frantica...
    Generating SFX 1: mechanical whirring and pencil scratching frantica...
    ✓ SFX generated (10.0s)

Processing Shot 9...
  Generating dialogue for none...
    Generating audio (attempt 1)...
    ✓ Generated (1.0s)
  Generating SFX 1: liquid bursting and splashing...
    Generating SFX 1: liquid bursting and splashing...
    ✓ SFX generated (10.0s)

Processing Shot 10...
  Generating dialogue for COMPUTER...
    Generating audio (attempt 1)...
    ✓ Generated (4.4s)
  Generating SFX 1: electrical crackling and sparking...
    Generating SFX 1: electrical crackling and sparking...
    ✓ SFX generated (10.0s)

Processing Shot 11...
  Generating dialogue for MILO...
    Generating audio (attempt 1)...
    ✓ Generated (1.1s)
  Generating SFX 1: ball whooshing past at high speed...
    Generating SFX 1: ball whooshing past at high speed...
    ✓ SFX generated (10.0s)

Processing Shot 12...
  Generating dialogue for SEBBY...
    Generating audio (attempt 1)...
    ✓ Generated (0.5s)

Processing Shot 13...
  Generating dialogue for MILO...
    Generating audio (attempt 1)...
    ✓ Generated (1.4s)
  Generating SFX 1: rapid-fire tennis balls launching...
    Generating SFX 1: rapid-fire tennis balls launching...
    ✓ SFX generated (10.0s)

Processing Shot 1...
  Generating dialogue for SEBBY...
    Generating audio (attempt 1)...
    ✓ Generated (2.1s)
  Generating SFX 1: furniture scraping and stacking...
    Generating SFX 1: furniture scraping and stacking...
    ✓ SFX generated (10.0s)

Processing Shot 2...
  Generating dialogue for MILO...
    Generating audio (attempt 1)...
    ✓ Generated (2.8s)

Processing Shot 3...
  Generating dialogue for COMPUTER...
    Generating audio (attempt 1)...
    ✓ Generated (6.1s)

Processing Shot 4...
  Generating dialogue for MILO...
    Generating audio (attempt 1)...
    ✓ Generated (2.4s)
  Generating SFX 1: electronic beeping and projection hums...
    Generating SFX 1: electronic beeping and projection hums...
    ✓ SFX generated (10.0s)

Processing Shot 5...
  Generating dialogue for SEBBY...
    Generating audio (attempt 1)...
    ✓ Generated (2.1s)

Processing Shot 6...
  Generating dialogue for SEBBY...
    Generating audio (attempt 1)...
    ✓ Generated (1.9s)

Processing Shot 7...
  Generating dialogue for MILO...
    Generating audio (attempt 1)...
    ✓ Generated (3.6s)
  Generating SFX 1: rubber stretching and mechanical clicking...
    Generating SFX 1: rubber stretching and mechanical clicking...
    ✓ SFX generated (10.0s)

Processing Shot 8...
  Generating dialogue for MOM...
    Generating audio (attempt 1)...
    ✓ Generated (3.4s)

Processing Shot 9...
  Generating dialogue for MILO...
    Generating audio (attempt 1)...
    ✓ Generated (2.3s)

Processing Shot 10...
  Generating dialogue for SEBBY...
    Generating audio (attempt 1)...
    ✓ Generated (2.2s)
  Generating SFX 1: mechanical scuttling and papers rustling...
    Generating SFX 1: mechanical scuttling and papers rustling...
    ✓ SFX generated (10.0s)

Processing Shot 11...
  Generating dialogue for MILO...
    Generating audio (attempt 1)...
    ✓ Generated (2.8s)

Processing Shot 1...
  Generating dialogue for none...
    Generating audio (attempt 1)...
    ✓ Generated (1.9s)
  Generating SFX 1: door slamming open...
    Generating SFX 1: door slamming open...
    ✓ SFX generated (10.0s)
  Generating SFX 2: dishes clattering...
    Generating SFX 2: dishes clattering...
    ✓ SFX generated (10.0s)

Processing Shot 2...
  Generating dialogue for COMPUTER...
    Generating audio (attempt 1)...
    ✓ Generated (6.6s)

Processing Shot 3...
  Generating dialogue for SEBBY...
    Generating audio (attempt 1)...
    ✓ Generated (2.3s)

Processing Shot 4...
  Generating dialogue for MILO...
    Generating audio (attempt 1)...
    ✓ Generated (2.0s)

Processing Shot 5...
  Generating dialogue for none...
    Generating audio (attempt 1)...
    ✓ Generated (1.6s)
  Generating SFX 1: silverware clinking and arranging...
    Generating SFX 1: silverware clinking and arranging...
    ✓ SFX generated (10.0s)

Processing Shot 6...
  Generating dialogue for SEBBY...
    Generating audio (attempt 1)...
    ✓ Generated (3.5s)

Processing Shot 7...
  Generating dialogue for MILO...
    Generating audio (attempt 1)...
    ✓ Generated (2.4s)

Processing Shot 8...
  Generating dialogue for none...
    Generating audio (attempt 1)...
    ✓ Generated (0.6s)
  Generating SFX 1: toy train motor whirring at high speed...
    Generating SFX 1: toy train motor whirring at high speed...
    ✓ SFX generated (10.0s)

Processing Shot 9...
  Generating dialogue for SEBBY...
    Generating audio (attempt 1)...
    ✓ Generated (1.8s)

Processing Shot 10...
  Generating dialogue for MILO...
    Generating audio (attempt 1)...
    ✓ Generated (2.4s)

Processing Shot 11...
  Generating dialogue for none...
    Generating audio (attempt 1)...
    ✓ Generated (1.1s)
  Generating SFX 1: bodies hitting floor...
    Generating SFX 1: bodies hitting floor...
    ✓ SFX generated (10.0s)
  Generating SFX 2: pencils tap-tap-tapping...
    Generating SFX 2: pencils tap-tap-tapping...
    ✓ SFX generated (10.0s)

Processing Shot 1...
  Generating dialogue for none...
    Generating audio (attempt 1)...
    ✓ Generated (1.0s)

Processing Shot 2...
  Generating dialogue for COMPUTER...
    Generating audio (attempt 1)...
    ✓ Generated (4.6s)

Processing Shot 3...
  Generating dialogue for SEBBY...
    Generating audio (attempt 1)...
    ✓ Generated (1.6s)

Processing Shot 4...
  Generating dialogue for MILO...
    Generating audio (attempt 1)...
    ✓ Generated (4.4s)

Processing Shot 5...
  Generating dialogue for SEBBY...
    Generating audio (attempt 1)...
    ✓ Generated (2.4s)

Processing Shot 6...
  Generating dialogue for MILO...
    Generating audio (attempt 1)...
    ✓ Generated (2.8s)

Processing Shot 7...
  Generating dialogue for none...
    Generating audio (attempt 1)...
    ✓ Generated (1.4s)
  Generating SFX 1: heavy furniture dragging and thudding...
    Generating SFX 1: heavy furniture dragging and thudding...
    ✓ SFX generated (10.0s)

Processing Shot 8...
  Generating dialogue for SEBBY...
    Generating audio (attempt 1)...
    ✓ Generated (2.7s)

Processing Shot 9...
  Generating dialogue for MILO...
    Generating audio (attempt 1)...
    ✓ Generated (2.1s)

Processing Shot 10...
  Generating dialogue for none...
    Generating audio (attempt 1)...
    ✓ Generated (1.1s)
  Generating SFX 1: footsteps weaving through obstacles...
    Generating SFX 1: footsteps weaving through obstacles...
    ✓ SFX generated (10.0s)

Processing Shot 11...
  Generating dialogue for COMPUTER...
    Generating audio (attempt 1)...
    ✓ Generated (4.0s)

Processing Shot 12...
  Generating dialogue for SEBBY...
    Generating audio (attempt 1)...
    ✓ Generated (2.0s)

Processing Shot 1...
  Generating dialogue for none...
    Generating audio (attempt 1)...
    ✓ Generated (0.8s)
  Generating SFX 1: TV static transitioning to beeping...
    Generating SFX 1: TV static transitioning to beeping...
    ✓ SFX generated (10.0s)
  Generating SFX 2: books toppling...
    Generating SFX 2: books toppling...
    ✓ SFX generated (10.0s)

Processing Shot 2...
  Generating dialogue for MILO...
    Generating audio (attempt 1)...
    ✓ Generated (3.2s)

Processing Shot 3...
  Generating dialogue for SEBBY...
    Generating audio (attempt 1)...
    ✓ Generated (1.9s)

Processing Shot 4...
  Generating dialogue for MILO...
    Generating audio (attempt 1)...
    ✓ Generated (1.6s)

Processing Shot 5...
  Generating dialogue for none...
    Generating audio (attempt 1)...
    ✓ Generated (1.1s)
  Generating SFX 1: rapid tennis ball launcher firing...
    Generating SFX 1: rapid tennis ball launcher firing...
    ✓ SFX generated (10.0s)

Processing Shot 6...
  Generating dialogue for SEBBY...
    Generating audio (attempt 1)...
    ✓ Generated (2.2s)

Processing Shot 7...
  Generating dialogue for MILO...
    Generating audio (attempt 1)...
    ✓ Generated (3.1s)

Processing Shot 8...
  Generating dialogue for SEBBY...
    Generating audio (attempt 1)...
    ✓ Generated (4.0s)
  Generating SFX 1: balls thwacking...
    Generating SFX 1: balls thwacking...
  ERROR generating SFX: The read operation timed out
  Generating SFX 2: balls thwacking...
    Generating SFX 2: balls thwacking...
    ✓ SFX generated (10.0s)

Processing Shot 9...
  Generating dialogue for none...
    Generating audio (attempt 1)...
    ✓ Generated (0.7s)
  Generating SFX 1: mechanical whirring intensifies...
    Generating SFX 1: mechanical whirring intensifies...
    ✓ SFX generated (10.0s)

Processing Shot 10...
  Generating dialogue for COMPUTER...
    Generating audio (attempt 1)...
    ✓ Generated (5.4s)

Processing Shot 11...
  Generating dialogue for MILO...
    Generating audio (attempt 1)...
    ✓ Generated (4.3s)

Processing Shot 12...
  Generating dialogue for SEBBY...
    Generating audio (attempt 1)...
    ✓ Generated (0.7s)

Processing Shot 13...
  Generating dialogue for MILO...
    Generating audio (attempt 1)...
    ✓ Generated (8.4s)

Processing Shot 14...
  Generating dialogue for none...
    Generating audio (attempt 1)...
    ✓ Generated (1.5s)
  Generating SFX 1: electrical shorting and sputtering...
    Generating SFX 1: electrical shorting and sputtering...
    ✓ SFX generated (10.0s)

Processing Shot 15...
  Generating dialogue for COMPUTER...
    Generating audio (attempt 1)...
    ✓ Generated (7.4s)

Processing Shot 16...
  Generating dialogue for none...
    Generating audio (attempt 1)...
    ✓ Generated (1.5s)
  Generating SFX 1: mechanical grinding and whirring in loops...
    Generating SFX 1: mechanical grinding and whirring in loops...
    ✓ SFX generated (10.0s)

Processing Shot 17...
  Generating dialogue for SEBBY...
    Generating audio (attempt 1)...
    ✓ Generated (1.3s)

Processing Shot 18...
  Generating dialogue for MILO...
    Generating audio (attempt 1)...
    ✓ Generated (2.0s)

Processing Shot 19...
  Generating dialogue for none...
    Generating audio (attempt 1)...
    ✓ Generated (1.1s)
  Generating SFX 1: pencils clattering to floor...
    Generating SFX 1: pencils clattering to floor...
    ✓ SFX generated (10.0s)
  Generating SFX 2: machine powering down...
    Generating SFX 2: machine powering down...
    ✓ SFX generated (10.0s)

Processing Shot 20...
  Generating dialogue for SEBBY...
    Generating audio (attempt 1)...
    ✓ Generated (3.9s)

Processing Shot 21...
  Generating dialogue for MILO...
    Generating audio (attempt 1)...
    ✓ Generated (4.2s)

Processing Shot 22...
  Generating dialogue for SEBBY...
    Generating audio (attempt 1)...
    ✓ Generated (2.8s)

Processing Shot 23...
  Generating dialogue for MILO...
    Generating audio (attempt 1)...
    ✓ Generated (3.6s)

Processing Shot 24...
  Generating dialogue for SEBBY...
    Generating audio (attempt 1)...
    ✓ Generated (2.4s)

Processing Shot 25...
  Generating dialogue for MILO...
    Generating audio (attempt 1)...
    ✓ Generated (3.2s)

Processing Shot 26...
  Generating dialogue for COMPUTER...
    Generating audio (attempt 1)...
    ✓ Generated (3.7s)

Processing Shot 27...
  Generating dialogue for MILO...
    Generating audio (attempt 1)...
    ✓ Generated (3.5s)

Processing Shot 28...
  Generating dialogue for SEBBY...
    Generating audio (attempt 1)...
    ✓ Generated (3.4s)

Processing Shot 29...
  Generating dialogue for MILO...
    Generating audio (attempt 1)...
    ✓ Generated (2.6s)

Processing Shot 30...
  Generating dialogue for SEBBY...
    Generating audio (attempt 1)...
    ✓ Generated (1.9s)

Processing Shot 31...
  Generating dialogue for none...
    Generating audio (attempt 1)...
    ✓ Generated (0.8s)

Processing Shot 32...
  Generating dialogue for MILO...
    Generating audio (attempt 1)...
    ✓ Generated (4.0s)

Processing Shot 33...
  Generating dialogue for SEBBY...
    Generating audio (attempt 1)...
    ✓ Generated (2.8s)

Processing Shot 34...
  Generating dialogue for MILO...
    Generating audio (attempt 1)...
    ✓ Generated (5.4s)

Processing Shot 35...
  Generating dialogue for SEBBY...
    Generating audio (attempt 1)...
    ✓ Generated (2.6s)

Processing Shot 36...
  Generating dialogue for MILO...
    Generating audio (attempt 1)...
    ✓ Generated (3.8s)

Processing Shot 37...
  Generating dialogue for SEBBY...
    Generating audio (attempt 1)...
    ✓ Generated (3.4s)
  → Saved output to 01_audio_generated.json

✓ Generated audio for 84 shots

==================================================
STAGE 2: Waveform Generation
==================================================

Generating waveforms for Shot 1...
  Dialogue: ▁▁▂█████████████▄▃▃▃▃▃▂▁▁▁▁▁▁▁▁▁▁▁▁▁▁▁▁▁
  SFX 1: ▆▇▇██▅▄▄▄▃▁▁▁▁▁▄▄▅▄▄▃▅▁▆▇▅▅▄▆▃▄▅▅▄▄▃▃▅▃▁

Generating waveforms for Shot 2...
  Dialogue: ▁▇███▆▁▁▁▁▂███▄███▇██▁██▂█▆▆▂▁████▅██▂▁▁
  SFX 1: ▂▁▂▂▁▃▂▁▃▁▁▁▁▁▇▁▁▁▁▃▁▁▁▁▇▂▁▁▁▅▄▁▁▁▁▁▇▄▁▁

Generating waveforms for Shot 3...
  Dialogue: ▁▁▁▁▁██████████▆▃▂█████▂▅▄█▇▃▃████████▅▂

Generating waveforms for Shot 4...
  Dialogue: ▁▁▁▁▁▁▁▁▂▂▄████▇▃▃▆█▅███▆████████▆▄▃▂▁▁▁
  SFX 1: ▆▆▄▅▆▅▆▅▅▅▇██▄▇▃▆▄▆▁▆▂▇▃█▁█▇▁▃▆▂▆▁█▄▇▁▆▁

Generating waveforms for Shot 5...
  Dialogue: ▁▄██████▆▂▂▃▂▂▁▁▁▁▁▁▁▁▁▁▁▁▁▁▁▁▁▁▁▁▁▁▁▁▁▂

Generating waveforms for Shot 6...
  Dialogue: ▁▁▁▂██████▇████▃▄████▇█▂▄████▄▁█████▅▂▃▄

Generating waveforms for Shot 7...
  Dialogue: ▁▁▁▃▇█▆▆▇███▆▄██▅▅▅▄▃▅█▆▂▃▁▃██▅▃██▆▂▃▁▁▁

Generating waveforms for Shot 8...
  Dialogue: ▁▅██████▁▁▁▂█▅██▇█▅██▆███▅▃▁▁███▇▁▁█████
/Users/cp/Documents/giant-content-pipeline-local/pipelines/audio_generation.py:293: UserWarning: PySoundFile failed. Trying audioread instead.
  y, sr = librosa.load(audio_path, sr=None, mono=True)
/Library/Frameworks/Python.framework/Versions/3.12/lib/python3.12/site-packages/librosa/core/audio.py:184: FutureWarning: librosa.core.audio.__audioread_load
        Deprecated as of librosa version 0.10.0.
        It will be removed in librosa version 1.0.
  y, sr_native = __audioread_load(path, offset, duration, dtype)

ERROR: Pipeline failed: 
Traceback (most recent call last):
  File "/Library/Frameworks/Python.framework/Versions/3.12/lib/python3.12/site-packages/librosa/core/audio.py", line 176, in load
    y, sr_native = __soundfile_load(path, offset, duration, dtype)
                   ^^^^^^^^^^^^^^^^^^^^^^^^^^^^^^^^^^^^^^^^^^^^^^^
  File "/Library/Frameworks/Python.framework/Versions/3.12/lib/python3.12/site-packages/librosa/core/audio.py", line 209, in __soundfile_load
    context = sf.SoundFile(path)
              ^^^^^^^^^^^^^^^^^^
  File "/Library/Frameworks/Python.framework/Versions/3.12/lib/python3.12/site-packages/soundfile.py", line 658, in __init__
    self._file = self._open(file, mode_int, closefd)
                 ^^^^^^^^^^^^^^^^^^^^^^^^^^^^^^^^^^^
  File "/Library/Frameworks/Python.framework/Versions/3.12/lib/python3.12/site-packages/soundfile.py", line 1216, in _open
    raise LibsndfileError(err, prefix="Error opening {0!r}: ".format(self.name))
soundfile.LibsndfileError: Error opening 'outputs/audio_generation_2025-09-29_16-24-00/audio/shot_008_sfx_1.mp3': File does not exist or is not a regular file (possibly a pipe?).

During handling of the above exception, another exception occurred:

Traceback (most recent call last):
  File "/Users/cp/Documents/giant-content-pipeline-local/run_audio_generation.py", line 132, in main
    pipeline.run()
  File "/Users/cp/Documents/giant-content-pipeline-local/pipelines/audio_generation.py", line 560, in run
    stage_func()
  File "/Users/cp/Documents/giant-content-pipeline-local/pipelines/audio_generation.py", line 499, in stage_2_waveform_generation
    waveform = self._generate_waveform(sfx["audio_path"])
               ^^^^^^^^^^^^^^^^^^^^^^^^^^^^^^^^^^^^^^^^^^
  File "/Users/cp/Documents/giant-content-pipeline-local/pipelines/audio_generation.py", line 293, in _generate_waveform
    y, sr = librosa.load(audio_path, sr=None, mono=True)
            ^^^^^^^^^^^^^^^^^^^^^^^^^^^^^^^^^^^^^^^^^^^^
  File "/Library/Frameworks/Python.framework/Versions/3.12/lib/python3.12/site-packages/librosa/core/audio.py", line 184, in load
    y, sr_native = __audioread_load(path, offset, duration, dtype)
                   ^^^^^^^^^^^^^^^^^^^^^^^^^^^^^^^^^^^^^^^^^^^^^^^
  File "<decorator-gen-4>", line 2, in __audioread_load
  File "/Library/Frameworks/Python.framework/Versions/3.12/lib/python3.12/site-packages/librosa/util/decorators.py", line 63, in __wrapper
    return func(*args, **kwargs)
           ^^^^^^^^^^^^^^^^^^^^^
  File "/Library/Frameworks/Python.framework/Versions/3.12/lib/python3.12/site-packages/librosa/core/audio.py", line 240, in __audioread_load
    reader = audioread.audio_open(path)
             ^^^^^^^^^^^^^^^^^^^^^^^^^^
  File "/Library/Frameworks/Python.framework/Versions/3.12/lib/python3.12/site-packages/audioread/__init__.py", line 127, in audio_open
    return BackendClass(path)
           ^^^^^^^^^^^^^^^^^^
  File "/Library/Frameworks/Python.framework/Versions/3.12/lib/python3.12/site-packages/audioread/rawread.py", line 62, in __init__
    self._file = aifc.open(self._fh)
                 ^^^^^^^^^^^^^^^^^^^
  File "/Library/Frameworks/Python.framework/Versions/3.12/lib/python3.12/aifc.py", line 954, in open
    return Aifc_read(f)
           ^^^^^^^^^^^^
  File "/Library/Frameworks/Python.framework/Versions/3.12/lib/python3.12/aifc.py", line 364, in __init__
    self.initfp(f)
  File "/Library/Frameworks/Python.framework/Versions/3.12/lib/python3.12/aifc.py", line 320, in initfp
    chunk = Chunk(file)
            ^^^^^^^^^^^
  File "/Library/Frameworks/Python.framework/Versions/3.12/lib/python3.12/chunk.py", line 67, in __init__
    raise EOFError
EOFError